21:03:28 INFO  : Saving repository preferences.
21:03:28 INFO  : Reading in cores from local repositories: 
		 J:\ECEN_390\ip_repository
21:03:28 INFO  : Cleaning BSP projects in the workspace.
21:04:48 WARN  :  [Hsm 55-1607] Software Repository Paths c:/Users/hutch/ZYBO/digilent_demoUARTBluetooth/source/vivado/hw/lib/Digilent/axi_dispctrl_1.0 and J:/ECEN_390/Xilinx/EE330_hw_platform_0/../../../../../../lib/Digilent/axi_dispctrl_1.0 do not exist or not accessible
 [Hsm 55-1607] Software Repository Paths c:/Users/hutch/ZYBO/digilent_demoUARTBluetooth/source/vivado/hw/lib/ADI/axi_i2s_adi_1.0 and J:/ECEN_390/Xilinx/EE330_hw_platform_0/../../../../../../lib/ADI/axi_i2s_adi_1.0 do not exist or not accessible
21:04:52 WARN  :  [Hsm 55-1607] Software Repository Paths c:/Users/hutch/ZYBO/digilent_demoUARTBluetooth/source/vivado/hw/lib/Digilent/axi_dispctrl_1.0 and J:/ECEN_390/Xilinx/EE330_hw_platform_0/../../../../../../lib/Digilent/axi_dispctrl_1.0 do not exist or not accessible
 [Hsm 55-1607] Software Repository Paths c:/Users/hutch/ZYBO/digilent_demoUARTBluetooth/source/vivado/hw/lib/ADI/axi_i2s_adi_1.0 and J:/ECEN_390/Xilinx/EE330_hw_platform_0/../../../../../../lib/ADI/axi_i2s_adi_1.0 do not exist or not accessible
22:00:20 INFO  : Restoring local repository preferences: 
		 J:\ECEN_390\ip_repository
22:06:14 WARN  :  [Hsm 55-1607] Software Repository Paths c:/Users/hutch/ZYBO/digilent_demoUARTBluetooth/source/vivado/hw/lib/Digilent/axi_dispctrl_1.0 and J:/ECEN_390/Xilinx/EE330_hw_platform_0/../../../../../../lib/Digilent/axi_dispctrl_1.0 do not exist or not accessible
 [Hsm 55-1607] Software Repository Paths c:/Users/hutch/ZYBO/digilent_demoUARTBluetooth/source/vivado/hw/lib/ADI/axi_i2s_adi_1.0 and J:/ECEN_390/Xilinx/EE330_hw_platform_0/../../../../../../lib/ADI/axi_i2s_adi_1.0 do not exist or not accessible
22:06:18 WARN  :  [Hsm 55-1607] Software Repository Paths c:/Users/hutch/ZYBO/digilent_demoUARTBluetooth/source/vivado/hw/lib/Digilent/axi_dispctrl_1.0 and J:/ECEN_390/Xilinx/EE330_hw_platform_0/../../../../../../lib/Digilent/axi_dispctrl_1.0 do not exist or not accessible
 [Hsm 55-1607] Software Repository Paths c:/Users/hutch/ZYBO/digilent_demoUARTBluetooth/source/vivado/hw/lib/ADI/axi_i2s_adi_1.0 and J:/ECEN_390/Xilinx/EE330_hw_platform_0/../../../../../../lib/ADI/axi_i2s_adi_1.0 do not exist or not accessible
22:06:19 WARN  :  [Hsm 55-1559] Software Design already exists with Name C:\Users\hutch\ZYBO\EE330_Fall2015_EE390_Winter2016\EE330_Fall2015_EE390_Winter2016_Final_SW\Consolidated_330_SW_bsp\system.mss
22:06:19 WARN  :  [Hsm 55-1559] Software Design already exists with Name C:\Users\hutch\ZYBO\EE330_Fall2015_EE390_Winter2016\EE330_Fall2015_EE390_Winter2016_Final_SW\Consolidated_330_SW_bsp\system.mss
22:06:34 WARN  :  [Hsm 55-1559] Software Design already exists with Name C:\Users\hutch\ZYBO\EE330_Fall2015_EE390_Winter2016\EE330_Fall2015_EE390_Winter2016_Final_SW\Consolidated_330_SW_bsp\system.mss
22:06:34 WARN  :  [Hsm 55-1559] Software Design already exists with Name C:\Users\hutch\ZYBO\EE330_Fall2015_EE390_Winter2016\EE330_Fall2015_EE390_Winter2016_Final_SW\Consolidated_330_SW_bsp\system.mss
22:06:34 WARN  :  [Hsm 55-1559] Software Design already exists with Name C:\Users\hutch\ZYBO\EE330_Fall2015_EE390_Winter2016\EE330_Fall2015_EE390_Winter2016_Final_SW\Consolidated_330_SW_bsp\system.mss
22:06:34 WARN  :  [Hsm 55-1559] Software Design already exists with Name C:\Users\hutch\ZYBO\EE330_Fall2015_EE390_Winter2016\EE330_Fall2015_EE390_Winter2016_Final_SW\Consolidated_330_SW_bsp\system.mss
22:06:34 WARN  :  [Hsm 55-1559] Software Design already exists with Name C:\Users\hutch\ZYBO\EE330_Fall2015_EE390_Winter2016\EE330_Fall2015_EE390_Winter2016_Final_SW\Consolidated_330_SW_bsp\system.mss
22:06:34 WARN  :  [Hsm 55-1559] Software Design already exists with Name C:\Users\hutch\ZYBO\EE330_Fall2015_EE390_Winter2016\EE330_Fall2015_EE390_Winter2016_Final_SW\Consolidated_330_SW_bsp\system.mss
22:06:34 WARN  :  [Hsm 55-1559] Software Design already exists with Name C:\Users\hutch\ZYBO\EE330_Fall2015_EE390_Winter2016\EE330_Fall2015_EE390_Winter2016_Final_SW\Consolidated_330_SW_bsp\system.mss
22:06:34 WARN  :  [Hsm 55-1559] Software Design already exists with Name C:\Users\hutch\ZYBO\EE330_Fall2015_EE390_Winter2016\EE330_Fall2015_EE390_Winter2016_Final_SW\Consolidated_330_SW_bsp\system.mss
22:06:34 WARN  :  [Hsm 55-1559] Software Design already exists with Name C:\Users\hutch\ZYBO\EE330_Fall2015_EE390_Winter2016\EE330_Fall2015_EE390_Winter2016_Final_SW\Consolidated_330_SW_bsp\system.mss
22:07:12 WARN  :  [Hsm 55-1559] Software Design already exists with Name C:\Users\hutch\ZYBO\EE330_Fall2015_EE390_Winter2016\EE330_Fall2015_EE390_Winter2016_Final_SW\Consolidated_330_SW_bsp\system.mss
22:07:12 WARN  :  [Hsm 55-1559] Software Design already exists with Name C:\Users\hutch\ZYBO\EE330_Fall2015_EE390_Winter2016\EE330_Fall2015_EE390_Winter2016_Final_SW\Consolidated_330_SW_bsp\system.mss
22:07:12 WARN  :  [Hsm 55-1559] Software Design already exists with Name C:\Users\hutch\ZYBO\EE330_Fall2015_EE390_Winter2016\EE330_Fall2015_EE390_Winter2016_Final_SW\Consolidated_330_SW_bsp\system.mss
22:07:37 INFO  : Processor reset is completed for ps7_cortexa9_0
22:08:26 ERROR : Unexpected error while parsing XMD response ?: com.google.gson.JsonSyntaxException: com.google.gson.stream.MalformedJsonException: invalid number or unquoted string near 
